Using pre-set license
Built from '2020.3/staging' branch; Version is '2020.3.8f1 (507919d4fff5) revision 5273881'; Using compiler version '192528614'; Build Type 'Release'
OS: 'Windows 10 Pro; OS build 19044.1466; Version 2009; 64bit' Language: 'en' Physical Memory: 4013 MB
BatchMode: 1, IsHumanControllingUs: 0, StartBugReporterOnCrash: 0, Is64bit: 1, IsPro: 0

 COMMAND LINE ARGUMENTS:
C:\Program Files\Unity\Hub\Editor\2020.3.8f1\Editor\Unity.exe
-adb2
-batchMode
-noUpm
-name
AssetImportWorker1
-projectPath
C:/Users/alanh/Documents/GitHub/duality-game/Duality Game
-logFile
Logs/AssetImportWorker1.log
-srvPort
62995
Successfully changed project path to: C:/Users/alanh/Documents/GitHub/duality-game/Duality Game
C:/Users/alanh/Documents/GitHub/duality-game/Duality Game
Using Asset Import Pipeline V2.
Refreshing native plugins compatible for Editor in 197.05 ms, found 1 plugins.
Preloading 0 native plugins for Editor in 0.00 ms.
Initialize engine version: 2020.3.8f1 (507919d4fff5)
[Subsystems] Discovering subsystems at path C:/Program Files/Unity/Hub/Editor/2020.3.8f1/Editor/Data/Resources/UnitySubsystems
[Subsystems] Discovering subsystems at path C:/Users/alanh/Documents/GitHub/duality-game/Duality Game/Assets
GfxDevice: creating device client; threaded=0
Direct3D:
    Version:  Direct3D 11.0 [level 11.1]
    Renderer: Intel(R) HD Graphics 615 (ID=0x591e)
    Vendor:   
    VRAM:     2006 MB
    Driver:   27.20.100.8682
Initialize mono
Mono path[0] = 'C:/Program Files/Unity/Hub/Editor/2020.3.8f1/Editor/Data/Managed'
Mono path[1] = 'C:/Program Files/Unity/Hub/Editor/2020.3.8f1/Editor/Data/MonoBleedingEdge/lib/mono/unityjit'
Mono config path = 'C:/Program Files/Unity/Hub/Editor/2020.3.8f1/Editor/Data/MonoBleedingEdge/etc'
Using monoOptions --debugger-agent=transport=dt_socket,embedding=1,server=y,suspend=n,address=127.0.0.1:56952
Begin MonoManager ReloadAssembly
Registering precompiled unity dll's ...
Register platform support module: C:/Program Files/Unity/Hub/Editor/2020.3.8f1/Editor/Data/PlaybackEngines/WindowsStandaloneSupport/UnityEditor.WindowsStandalone.Extensions.dll
Registered in 0.006370 seconds.
Native extension for WindowsStandalone target not found
Refreshing native plugins compatible for Editor in 131.50 ms, found 1 plugins.
Preloading 0 native plugins for Editor in 0.00 ms.
Mono: successfully reloaded assembly
- Completed reload, in  9.765 seconds
Platform modules already initialized, skipping
Registering precompiled user dll's ...
Registered in 0.035100 seconds.
Begin MonoManager ReloadAssembly
Native extension for WindowsStandalone target not found
Refreshing native plugins compatible for Editor in 101.69 ms, found 1 plugins.
Preloading 0 native plugins for Editor in 0.00 ms.
Mono: successfully reloaded assembly
- Completed reload, in  3.096 seconds
Platform modules already initialized, skipping
========================================================================
Worker process is ready to serve import requests
Launched and connected shader compiler UnityShaderCompiler.exe after 0.18 seconds
Refreshing native plugins compatible for Editor in 0.68 ms, found 1 plugins.
Preloading 0 native plugins for Editor in 0.00 ms.
Unloading 1814 Unused Serialized files (Serialized files now loaded: 0)
System memory in use before: 84.9 MB.
System memory in use after: 85.0 MB.

Unloading 19 unused Assets to reduce memory usage. Loaded Objects now: 2261.
Total: 4.258100 ms (FindLiveObjects: 0.375300 ms CreateObjectMapping: 0.194500 ms MarkObjects: 3.546800 ms  DeleteObjects: 0.138500 ms)

========================================================================
Received Import Request.
  path: Assets/Scenes/Scene1.unity
  artifactKey: Guid(2cda990e2423bbf4892e6590ba056729) Importer(815301076,1909f56bfc062723c751e8b465ee728b)
Start importing Assets/Scenes/Scene1.unity using Guid(2cda990e2423bbf4892e6590ba056729) Importer(815301076,1909f56bfc062723c751e8b465ee728b)  -> (artifact id: 'f494afd1a1f2015490e65fe9e92ebf95') in 0.056742 seconds
  Import took 0.068387 seconds .

========================================================================
Received Prepare
Registering precompiled user dll's ...
Registered in 0.023398 seconds.
Begin MonoManager ReloadAssembly
Native extension for WindowsStandalone target not found
Refreshing native plugins compatible for Editor in 1.23 ms, found 1 plugins.
Preloading 0 native plugins for Editor in 0.00 ms.
Mono: successfully reloaded assembly
- Completed reload, in  4.021 seconds
Platform modules already initialized, skipping
Refreshing native plugins compatible for Editor in 0.74 ms, found 1 plugins.
Preloading 0 native plugins for Editor in 0.00 ms.
Unloading 1804 Unused Serialized files (Serialized files now loaded: 0)
System memory in use before: 84.5 MB.
System memory in use after: 84.6 MB.

Unloading 7 unused Assets to reduce memory usage. Loaded Objects now: 2265.
Total: 3.991400 ms (FindLiveObjects: 0.400200 ms CreateObjectMapping: 0.141400 ms MarkObjects: 3.374800 ms  DeleteObjects: 0.072500 ms)

========================================================================
Received Prepare
Registering precompiled user dll's ...
Registered in 0.004934 seconds.
Begin MonoManager ReloadAssembly
Native extension for WindowsStandalone target not found
Refreshing native plugins compatible for Editor in 1.03 ms, found 1 plugins.
Preloading 0 native plugins for Editor in 0.00 ms.
Mono: successfully reloaded assembly
- Completed reload, in  2.714 seconds
Platform modules already initialized, skipping
Refreshing native plugins compatible for Editor in 0.76 ms, found 1 plugins.
Preloading 0 native plugins for Editor in 0.00 ms.
Unloading 1804 Unused Serialized files (Serialized files now loaded: 0)
System memory in use before: 84.5 MB.
System memory in use after: 84.6 MB.

Unloading 7 unused Assets to reduce memory usage. Loaded Objects now: 2269.
Total: 4.122100 ms (FindLiveObjects: 0.331200 ms CreateObjectMapping: 0.176400 ms MarkObjects: 3.553100 ms  DeleteObjects: 0.059100 ms)

========================================================================
Received Prepare
Registering precompiled user dll's ...
Registered in 0.001872 seconds.
Begin MonoManager ReloadAssembly
Native extension for WindowsStandalone target not found
Refreshing native plugins compatible for Editor in 0.79 ms, found 1 plugins.
Preloading 0 native plugins for Editor in 0.00 ms.
Mono: successfully reloaded assembly
- Completed reload, in  3.266 seconds
Platform modules already initialized, skipping
Refreshing native plugins compatible for Editor in 0.96 ms, found 1 plugins.
Preloading 0 native plugins for Editor in 0.00 ms.
Unloading 1804 Unused Serialized files (Serialized files now loaded: 0)
System memory in use before: 84.5 MB.
System memory in use after: 84.6 MB.

Unloading 7 unused Assets to reduce memory usage. Loaded Objects now: 2273.
Total: 7.585900 ms (FindLiveObjects: 0.583400 ms CreateObjectMapping: 0.226900 ms MarkObjects: 6.643700 ms  DeleteObjects: 0.122300 ms)

========================================================================
Received Prepare
Registering precompiled user dll's ...
Registered in 0.004457 seconds.
Begin MonoManager ReloadAssembly
Native extension for WindowsStandalone target not found
Refreshing native plugins compatible for Editor in 1.34 ms, found 1 plugins.
Preloading 0 native plugins for Editor in 0.00 ms.
Mono: successfully reloaded assembly
- Completed reload, in  2.831 seconds
Platform modules already initialized, skipping
Refreshing native plugins compatible for Editor in 0.77 ms, found 1 plugins.
Preloading 0 native plugins for Editor in 0.00 ms.
Unloading 1804 Unused Serialized files (Serialized files now loaded: 0)
System memory in use before: 84.5 MB.
System memory in use after: 84.6 MB.

Unloading 7 unused Assets to reduce memory usage. Loaded Objects now: 2277.
Total: 3.727800 ms (FindLiveObjects: 0.323600 ms CreateObjectMapping: 0.173200 ms MarkObjects: 3.174900 ms  DeleteObjects: 0.054400 ms)

