Using pre-set license
Built from '2020.3/staging' branch; Version is '2020.3.8f1 (507919d4fff5) revision 5273881'; Using compiler version '192528614'; Build Type 'Release'
OS: 'Windows 10 Home; OS build 19044.1469; Version 2009; 64bit' Language: 'en' Physical Memory: 16333 MB
BatchMode: 1, IsHumanControllingUs: 0, StartBugReporterOnCrash: 0, Is64bit: 1, IsPro: 0

 COMMAND LINE ARGUMENTS:
C:\Program Files\Unity\Hub\Editor\2020.3.8f1\Editor\Unity.exe
-adb2
-batchMode
-noUpm
-name
AssetImportWorker0
-projectPath
C:/Users/andrewdlanham/Documents/GitHub/duality-game/Duality Game
-logFile
Logs/AssetImportWorker0.log
-srvPort
52630
Successfully changed project path to: C:/Users/andrewdlanham/Documents/GitHub/duality-game/Duality Game
C:/Users/andrewdlanham/Documents/GitHub/duality-game/Duality Game
Using Asset Import Pipeline V2.
Refreshing native plugins compatible for Editor in 39.99 ms, found 1 plugins.
Preloading 0 native plugins for Editor in 0.00 ms.
Initialize engine version: 2020.3.8f1 (507919d4fff5)
[Subsystems] Discovering subsystems at path C:/Program Files/Unity/Hub/Editor/2020.3.8f1/Editor/Data/Resources/UnitySubsystems
[Subsystems] Discovering subsystems at path C:/Users/andrewdlanham/Documents/GitHub/duality-game/Duality Game/Assets
GfxDevice: creating device client; threaded=0
Direct3D:
    Version:  Direct3D 11.0 [level 11.1]
    Renderer: NVIDIA GeForce GTX 970 (ID=0x13c2)
    Vendor:   
    VRAM:     4043 MB
    Driver:   27.21.14.5671
Initialize mono
Mono path[0] = 'C:/Program Files/Unity/Hub/Editor/2020.3.8f1/Editor/Data/Managed'
Mono path[1] = 'C:/Program Files/Unity/Hub/Editor/2020.3.8f1/Editor/Data/MonoBleedingEdge/lib/mono/unityjit'
Mono config path = 'C:/Program Files/Unity/Hub/Editor/2020.3.8f1/Editor/Data/MonoBleedingEdge/etc'
Using monoOptions --debugger-agent=transport=dt_socket,embedding=1,server=y,suspend=n,address=127.0.0.1:56900
Begin MonoManager ReloadAssembly
Registering precompiled unity dll's ...
Register platform support module: C:/Program Files/Unity/Hub/Editor/2020.3.8f1/Editor/Data/PlaybackEngines/WindowsStandaloneSupport/UnityEditor.WindowsStandalone.Extensions.dll
Registered in 0.003046 seconds.
Native extension for WindowsStandalone target not found
Refreshing native plugins compatible for Editor in 35.67 ms, found 1 plugins.
Preloading 0 native plugins for Editor in 0.00 ms.
Mono: successfully reloaded assembly
- Completed reload, in  1.309 seconds
Platform modules already initialized, skipping
Registering precompiled user dll's ...
Registered in 0.001457 seconds.
Begin MonoManager ReloadAssembly
Native extension for WindowsStandalone target not found
Refreshing native plugins compatible for Editor in 47.69 ms, found 1 plugins.
Preloading 0 native plugins for Editor in 0.00 ms.
Mono: successfully reloaded assembly
- Completed reload, in  1.021 seconds
Platform modules already initialized, skipping
========================================================================
Worker process is ready to serve import requests
Launched and connected shader compiler UnityShaderCompiler.exe after 0.09 seconds
Refreshing native plugins compatible for Editor in 0.36 ms, found 1 plugins.
Preloading 0 native plugins for Editor in 0.00 ms.
Unloading 1814 Unused Serialized files (Serialized files now loaded: 0)
System memory in use before: 85.1 MB.
System memory in use after: 85.0 MB.

Unloading 24 unused Assets to reduce memory usage. Loaded Objects now: 2257.
Total: 2.691900 ms (FindLiveObjects: 0.222400 ms CreateObjectMapping: 0.086100 ms MarkObjects: 2.239800 ms  DeleteObjects: 0.142300 ms)

========================================================================
Received Import Request.
  path: Assets/chauncy.png
  artifactKey: Guid(5207103cbb63a714695fe21d85eb3089) Importer(815301076,1909f56bfc062723c751e8b465ee728b)
Start importing Assets/chauncy.png using Guid(5207103cbb63a714695fe21d85eb3089) Importer(815301076,1909f56bfc062723c751e8b465ee728b)  -> (artifact id: '211ea2edcbf71529f5624c7c97f91e86') in 0.142872 seconds
  Import took 0.146785 seconds .

========================================================================
Received Import Request.
  Time since last request: 6.392878 seconds.
  path: Assets/Player.prefab
  artifactKey: Guid(baabbf2d738308e40a06d813bb918212) Importer(815301076,1909f56bfc062723c751e8b465ee728b)
Start importing Assets/Player.prefab using Guid(baabbf2d738308e40a06d813bb918212) Importer(815301076,1909f56bfc062723c751e8b465ee728b)  -> (artifact id: '1e6f9e81e94c13fcce038ebb77e26df3') in 0.039925 seconds
  Import took 0.045571 seconds .

========================================================================
Received Import Request.
  Time since last request: 6.663833 seconds.
  path: Assets/Player.prefab
  artifactKey: Guid(baabbf2d738308e40a06d813bb918212) Importer(815301076,1909f56bfc062723c751e8b465ee728b)
Start importing Assets/Player.prefab using Guid(baabbf2d738308e40a06d813bb918212) Importer(815301076,1909f56bfc062723c751e8b465ee728b)  -> (artifact id: 'd3606dddb893c5932d5b0945e7a7108d') in 0.014585 seconds
  Import took 0.019226 seconds .

========================================================================
Received Import Request.
  Time since last request: 0.003412 seconds.
  path: Assets/Player.prefab
  artifactKey: Guid(baabbf2d738308e40a06d813bb918212) Importer(815301076,1909f56bfc062723c751e8b465ee728b)
Start importing Assets/Player.prefab using Guid(baabbf2d738308e40a06d813bb918212) Importer(815301076,1909f56bfc062723c751e8b465ee728b)  -> (artifact id: 'd3606dddb893c5932d5b0945e7a7108d') in 0.011538 seconds
  Import took 0.015203 seconds .

========================================================================
Received Import Request.
  Time since last request: 1.379885 seconds.
  path: Assets/Player.prefab
  artifactKey: Guid(baabbf2d738308e40a06d813bb918212) Importer(815301076,1909f56bfc062723c751e8b465ee728b)
Start importing Assets/Player.prefab using Guid(baabbf2d738308e40a06d813bb918212) Importer(815301076,1909f56bfc062723c751e8b465ee728b)  -> (artifact id: 'd2219c480a04a1c3bbea4cb70c3e4007') in 0.012833 seconds
  Import took 0.017257 seconds .

========================================================================
Received Prepare
Registering precompiled user dll's ...
Registered in 0.001422 seconds.
Begin MonoManager ReloadAssembly
Native extension for WindowsStandalone target not found
Refreshing native plugins compatible for Editor in 0.76 ms, found 1 plugins.
Preloading 0 native plugins for Editor in 0.00 ms.
Mono: successfully reloaded assembly
- Completed reload, in  0.889 seconds
Platform modules already initialized, skipping
Refreshing native plugins compatible for Editor in 0.36 ms, found 1 plugins.
Preloading 0 native plugins for Editor in 0.00 ms.
Unloading 1809 Unused Serialized files (Serialized files now loaded: 0)
System memory in use before: 88.1 MB.
System memory in use after: 88.1 MB.

Unloading 12 unused Assets to reduce memory usage. Loaded Objects now: 2271.
Total: 2.897500 ms (FindLiveObjects: 0.317600 ms CreateObjectMapping: 0.107000 ms MarkObjects: 2.328100 ms  DeleteObjects: 0.142800 ms)

========================================================================
Received Prepare
Registering precompiled user dll's ...
Registered in 0.001394 seconds.
Begin MonoManager ReloadAssembly
Native extension for WindowsStandalone target not found
Refreshing native plugins compatible for Editor in 0.36 ms, found 1 plugins.
Preloading 0 native plugins for Editor in 0.00 ms.
Mono: successfully reloaded assembly
- Completed reload, in  0.918 seconds
Platform modules already initialized, skipping
Refreshing native plugins compatible for Editor in 0.35 ms, found 1 plugins.
Preloading 0 native plugins for Editor in 0.00 ms.
Unloading 1809 Unused Serialized files (Serialized files now loaded: 0)
System memory in use before: 88.2 MB.
System memory in use after: 88.2 MB.

Unloading 12 unused Assets to reduce memory usage. Loaded Objects now: 2275.
Total: 2.194900 ms (FindLiveObjects: 0.185900 ms CreateObjectMapping: 0.048500 ms MarkObjects: 1.866000 ms  DeleteObjects: 0.093700 ms)

========================================================================
Received Import Request.
  Time since last request: 83.282148 seconds.
  path: Assets/Player.prefab
  artifactKey: Guid(baabbf2d738308e40a06d813bb918212) Importer(815301076,1909f56bfc062723c751e8b465ee728b)
Start importing Assets/Player.prefab using Guid(baabbf2d738308e40a06d813bb918212) Importer(815301076,1909f56bfc062723c751e8b465ee728b)  -> (artifact id: '7cb4211810ea51ceff45726c31677e2c') in 0.056850 seconds
  Import took 0.061417 seconds .

========================================================================
Received Import Request.
  Time since last request: 2.349917 seconds.
  path: Assets/Player.prefab
  artifactKey: Guid(baabbf2d738308e40a06d813bb918212) Importer(815301076,1909f56bfc062723c751e8b465ee728b)
Start importing Assets/Player.prefab using Guid(baabbf2d738308e40a06d813bb918212) Importer(815301076,1909f56bfc062723c751e8b465ee728b)  -> (artifact id: 'c15986837583bba3adc5527c2475f502') in 0.013820 seconds
  Import took 0.018663 seconds .

========================================================================
Received Import Request.
  Time since last request: 0.004984 seconds.
  path: Assets/Player.prefab
  artifactKey: Guid(baabbf2d738308e40a06d813bb918212) Importer(815301076,1909f56bfc062723c751e8b465ee728b)
Start importing Assets/Player.prefab using Guid(baabbf2d738308e40a06d813bb918212) Importer(815301076,1909f56bfc062723c751e8b465ee728b)  -> (artifact id: 'c15986837583bba3adc5527c2475f502') in 0.011259 seconds
  Import took 0.015050 seconds .

========================================================================
Received Prepare
Registering precompiled user dll's ...
Registered in 0.001401 seconds.
Begin MonoManager ReloadAssembly
Native extension for WindowsStandalone target not found
Refreshing native plugins compatible for Editor in 0.35 ms, found 1 plugins.
Preloading 0 native plugins for Editor in 0.00 ms.
Mono: successfully reloaded assembly
- Completed reload, in  0.937 seconds
Platform modules already initialized, skipping
Refreshing native plugins compatible for Editor in 0.35 ms, found 1 plugins.
Preloading 0 native plugins for Editor in 0.00 ms.
Unloading 1809 Unused Serialized files (Serialized files now loaded: 0)
System memory in use before: 88.2 MB.
System memory in use after: 88.2 MB.

Unloading 12 unused Assets to reduce memory usage. Loaded Objects now: 2280.
Total: 2.257200 ms (FindLiveObjects: 0.179300 ms CreateObjectMapping: 0.054700 ms MarkObjects: 1.923100 ms  DeleteObjects: 0.099100 ms)

========================================================================
Received Import Request.
  Time since last request: 76.750844 seconds.
  path: Assets/Player.prefab
  artifactKey: Guid(baabbf2d738308e40a06d813bb918212) Importer(815301076,1909f56bfc062723c751e8b465ee728b)
Start importing Assets/Player.prefab using Guid(baabbf2d738308e40a06d813bb918212) Importer(815301076,1909f56bfc062723c751e8b465ee728b)  -> (artifact id: '27eb39de704e15e41ebe1af68a082ef6') in 0.049316 seconds
  Import took 0.052855 seconds .

========================================================================
Received Import Request.
  Time since last request: 0.449297 seconds.
  path: Assets/Player.prefab
  artifactKey: Guid(baabbf2d738308e40a06d813bb918212) Importer(815301076,1909f56bfc062723c751e8b465ee728b)
Start importing Assets/Player.prefab using Guid(baabbf2d738308e40a06d813bb918212) Importer(815301076,1909f56bfc062723c751e8b465ee728b)  -> (artifact id: '03fde5e627268d38b7ba1f1614ba2e39') in 0.011968 seconds
  Import took 0.016181 seconds .

========================================================================
Received Prepare
Registering precompiled user dll's ...
Registered in 0.001501 seconds.
Begin MonoManager ReloadAssembly
Native extension for WindowsStandalone target not found
Refreshing native plugins compatible for Editor in 0.53 ms, found 1 plugins.
Preloading 0 native plugins for Editor in 0.00 ms.
Mono: successfully reloaded assembly
- Completed reload, in  0.868 seconds
Platform modules already initialized, skipping
Refreshing native plugins compatible for Editor in 0.35 ms, found 1 plugins.
Preloading 0 native plugins for Editor in 0.00 ms.
Unloading 1809 Unused Serialized files (Serialized files now loaded: 0)
System memory in use before: 88.3 MB.
System memory in use after: 88.3 MB.

Unloading 12 unused Assets to reduce memory usage. Loaded Objects now: 2285.
Total: 1.858100 ms (FindLiveObjects: 0.189900 ms CreateObjectMapping: 0.064600 ms MarkObjects: 1.502600 ms  DeleteObjects: 0.099600 ms)

========================================================================
Received Import Request.
  Time since last request: 2013.968280 seconds.
  path: Assets/fancyChauncy.png
  artifactKey: Guid(e8c7da01dea21574f9cd2cd21b21141a) Importer(815301076,1909f56bfc062723c751e8b465ee728b)
Start importing Assets/fancyChauncy.png using Guid(e8c7da01dea21574f9cd2cd21b21141a) Importer(815301076,1909f56bfc062723c751e8b465ee728b)  -> (artifact id: 'd3fc0771da416e921e2bec6d3ab38265') in 0.057537 seconds
  Import took 0.065022 seconds .

========================================================================
Received Import Request.
  Time since last request: 3.191302 seconds.
  path: Assets/Player.prefab
  artifactKey: Guid(baabbf2d738308e40a06d813bb918212) Importer(815301076,1909f56bfc062723c751e8b465ee728b)
Start importing Assets/Player.prefab using Guid(baabbf2d738308e40a06d813bb918212) Importer(815301076,1909f56bfc062723c751e8b465ee728b)  -> (artifact id: '605f290f65750b7fc0ce65dbefd62562') in 0.032391 seconds
  Import took 0.036028 seconds .

========================================================================
Received Import Request.
  Time since last request: 3.716517 seconds.
  path: Assets/Player.prefab
  artifactKey: Guid(baabbf2d738308e40a06d813bb918212) Importer(815301076,1909f56bfc062723c751e8b465ee728b)
Start importing Assets/Player.prefab using Guid(baabbf2d738308e40a06d813bb918212) Importer(815301076,1909f56bfc062723c751e8b465ee728b)  -> (artifact id: 'f5713f079a81d8e0fc5539adfe5b0018') in 0.020013 seconds
  Import took 0.026969 seconds .

========================================================================
Received Import Request.
  Time since last request: 0.013258 seconds.
  path: Assets/Player.prefab
  artifactKey: Guid(baabbf2d738308e40a06d813bb918212) Importer(815301076,1909f56bfc062723c751e8b465ee728b)
Start importing Assets/Player.prefab using Guid(baabbf2d738308e40a06d813bb918212) Importer(815301076,1909f56bfc062723c751e8b465ee728b)  -> (artifact id: 'f5713f079a81d8e0fc5539adfe5b0018') in 0.013493 seconds
  Import took 0.018104 seconds .

========================================================================
Received Import Request.
  Time since last request: 200.636524 seconds.
  path: Assets/Scenes/Scene2.unity
  artifactKey: Guid(9a69cc7c24500b144b0191844b9d0458) Importer(815301076,1909f56bfc062723c751e8b465ee728b)
Start importing Assets/Scenes/Scene2.unity using Guid(9a69cc7c24500b144b0191844b9d0458) Importer(815301076,1909f56bfc062723c751e8b465ee728b)  -> (artifact id: '60b8ceace52fbd0d302312ee5e3e99ab') in 0.006056 seconds
  Import took 0.010252 seconds .

========================================================================
Received Import Request.
  Time since last request: 22.417536 seconds.
  path: Assets/Scenes/Level1.unity
  artifactKey: Guid(72c2b7e2b65f97649bda28482ea5fdb0) Importer(815301076,1909f56bfc062723c751e8b465ee728b)
Start importing Assets/Scenes/Level1.unity using Guid(72c2b7e2b65f97649bda28482ea5fdb0) Importer(815301076,1909f56bfc062723c751e8b465ee728b)  -> (artifact id: '419df858c085592922ce9df826966188') in 0.008556 seconds
  Import took 0.013102 seconds .

========================================================================
Received Prepare
Registering precompiled user dll's ...
Registered in 0.001376 seconds.
Begin MonoManager ReloadAssembly
Native extension for WindowsStandalone target not found
Refreshing native plugins compatible for Editor in 0.35 ms, found 1 plugins.
Preloading 0 native plugins for Editor in 0.00 ms.
Mono: successfully reloaded assembly
- Completed reload, in  0.823 seconds
Platform modules already initialized, skipping
Refreshing native plugins compatible for Editor in 0.41 ms, found 1 plugins.
Preloading 0 native plugins for Editor in 0.00 ms.
Unloading 1809 Unused Serialized files (Serialized files now loaded: 0)
System memory in use before: 88.3 MB.
System memory in use after: 88.3 MB.

Unloading 12 unused Assets to reduce memory usage. Loaded Objects now: 2290.
Total: 2.112500 ms (FindLiveObjects: 0.179800 ms CreateObjectMapping: 0.053400 ms MarkObjects: 1.784100 ms  DeleteObjects: 0.094300 ms)

========================================================================
Received Prepare
Registering precompiled user dll's ...
Registered in 0.001541 seconds.
Begin MonoManager ReloadAssembly
Native extension for WindowsStandalone target not found
Refreshing native plugins compatible for Editor in 0.37 ms, found 1 plugins.
Preloading 0 native plugins for Editor in 0.00 ms.
Mono: successfully reloaded assembly
- Completed reload, in  0.851 seconds
Platform modules already initialized, skipping
Refreshing native plugins compatible for Editor in 0.41 ms, found 1 plugins.
Preloading 0 native plugins for Editor in 0.00 ms.
Unloading 1809 Unused Serialized files (Serialized files now loaded: 0)
System memory in use before: 88.3 MB.
System memory in use after: 88.3 MB.

Unloading 12 unused Assets to reduce memory usage. Loaded Objects now: 2294.
Total: 3.306100 ms (FindLiveObjects: 0.281400 ms CreateObjectMapping: 0.080600 ms MarkObjects: 2.738100 ms  DeleteObjects: 0.204700 ms)

========================================================================
Received Prepare
Registering precompiled user dll's ...
Registered in 0.001496 seconds.
Begin MonoManager ReloadAssembly
Native extension for WindowsStandalone target not found
Refreshing native plugins compatible for Editor in 0.37 ms, found 1 plugins.
Preloading 0 native plugins for Editor in 0.00 ms.
Mono: successfully reloaded assembly
- Completed reload, in  0.847 seconds
Platform modules already initialized, skipping
Refreshing native plugins compatible for Editor in 0.37 ms, found 1 plugins.
Preloading 0 native plugins for Editor in 0.00 ms.
Unloading 1809 Unused Serialized files (Serialized files now loaded: 0)
System memory in use before: 88.3 MB.
System memory in use after: 88.3 MB.

Unloading 12 unused Assets to reduce memory usage. Loaded Objects now: 2298.
Total: 2.187600 ms (FindLiveObjects: 0.173900 ms CreateObjectMapping: 0.067800 ms MarkObjects: 1.840900 ms  DeleteObjects: 0.104000 ms)

========================================================================
Received Prepare
Registering precompiled user dll's ...
Registered in 0.002112 seconds.
Begin MonoManager ReloadAssembly
Native extension for WindowsStandalone target not found
Refreshing native plugins compatible for Editor in 0.35 ms, found 1 plugins.
Preloading 0 native plugins for Editor in 0.00 ms.
Mono: successfully reloaded assembly
- Completed reload, in  0.848 seconds
Platform modules already initialized, skipping
Refreshing native plugins compatible for Editor in 0.75 ms, found 1 plugins.
Preloading 0 native plugins for Editor in 0.00 ms.
Unloading 1809 Unused Serialized files (Serialized files now loaded: 0)
System memory in use before: 88.3 MB.
System memory in use after: 88.3 MB.

Unloading 12 unused Assets to reduce memory usage. Loaded Objects now: 2302.
Total: 2.363100 ms (FindLiveObjects: 0.193000 ms CreateObjectMapping: 0.062800 ms MarkObjects: 1.987000 ms  DeleteObjects: 0.119300 ms)

========================================================================
Received Prepare
Registering precompiled user dll's ...
Registered in 0.001438 seconds.
Begin MonoManager ReloadAssembly
Native extension for WindowsStandalone target not found
Refreshing native plugins compatible for Editor in 0.37 ms, found 1 plugins.
Preloading 0 native plugins for Editor in 0.00 ms.
Mono: successfully reloaded assembly
- Completed reload, in  0.857 seconds
Platform modules already initialized, skipping
Refreshing native plugins compatible for Editor in 0.58 ms, found 1 plugins.
Preloading 0 native plugins for Editor in 0.00 ms.
Unloading 1809 Unused Serialized files (Serialized files now loaded: 0)
System memory in use before: 88.3 MB.
System memory in use after: 88.3 MB.

Unloading 12 unused Assets to reduce memory usage. Loaded Objects now: 2306.
Total: 2.264900 ms (FindLiveObjects: 0.209600 ms CreateObjectMapping: 0.059700 ms MarkObjects: 1.838300 ms  DeleteObjects: 0.156100 ms)

========================================================================
Received Prepare
Registering precompiled user dll's ...
Registered in 0.002084 seconds.
Begin MonoManager ReloadAssembly
Native extension for WindowsStandalone target not found
Refreshing native plugins compatible for Editor in 0.36 ms, found 1 plugins.
Preloading 0 native plugins for Editor in 0.00 ms.
Mono: successfully reloaded assembly
- Completed reload, in  0.835 seconds
Platform modules already initialized, skipping
Refreshing native plugins compatible for Editor in 0.85 ms, found 1 plugins.
Preloading 0 native plugins for Editor in 0.00 ms.
Unloading 1809 Unused Serialized files (Serialized files now loaded: 0)
System memory in use before: 88.4 MB.
System memory in use after: 88.3 MB.

Unloading 12 unused Assets to reduce memory usage. Loaded Objects now: 2310.
Total: 1.979400 ms (FindLiveObjects: 0.169800 ms CreateObjectMapping: 0.051000 ms MarkObjects: 1.661200 ms  DeleteObjects: 0.096600 ms)

